Using pre-set license
Built from '2021.3/staging' branch; Version is '2021.3.31f1 (3409e2af086f) revision 3410402'; Using compiler version '192829333'; Build Type 'Release'
OS: 'Windows 11  (10.0.22621) 64bit CoreSingleLanguage' Language: 'pt' Physical Memory: 7955 MB
BatchMode: 1, IsHumanControllingUs: 0, StartBugReporterOnCrash: 0, Is64bit: 1, IsPro: 1

COMMAND LINE ARGUMENTS:
C:\Program Files\Unity\Hub\Editor\2021.3.31f1\Editor\Unity.exe
-adb2
-batchMode
-noUpm
-name
AssetImportWorker1
-projectPath
C:/Users/marcu/Documents/Moonite/workshp-rec'nplay
-logFile
Logs/AssetImportWorker1.log
-srvPort
63664
Successfully changed project path to: C:/Users/marcu/Documents/Moonite/workshp-rec'nplay
C:/Users/marcu/Documents/Moonite/workshp-rec'nplay
[UnityMemory] Configuration Parameters - Can be set up in boot.config
    "memorysetup-bucket-allocator-granularity=16"
    "memorysetup-bucket-allocator-bucket-count=8"
    "memorysetup-bucket-allocator-block-size=33554432"
    "memorysetup-bucket-allocator-block-count=8"
    "memorysetup-main-allocator-block-size=16777216"
    "memorysetup-thread-allocator-block-size=16777216"
    "memorysetup-gfx-main-allocator-block-size=16777216"
    "memorysetup-gfx-thread-allocator-block-size=16777216"
    "memorysetup-cache-allocator-block-size=4194304"
    "memorysetup-typetree-allocator-block-size=2097152"
    "memorysetup-profiler-bucket-allocator-granularity=16"
    "memorysetup-profiler-bucket-allocator-bucket-count=8"
    "memorysetup-profiler-bucket-allocator-block-size=33554432"
    "memorysetup-profiler-bucket-allocator-block-count=8"
    "memorysetup-profiler-allocator-block-size=16777216"
    "memorysetup-profiler-editor-allocator-block-size=1048576"
    "memorysetup-temp-allocator-size-main=16777216"
    "memorysetup-job-temp-allocator-block-size=2097152"
    "memorysetup-job-temp-allocator-block-size-background=1048576"
    "memorysetup-job-temp-allocator-reduction-small-platforms=262144"
    "memorysetup-temp-allocator-size-background-worker=32768"
    "memorysetup-temp-allocator-size-job-worker=262144"
    "memorysetup-temp-allocator-size-preload-manager=33554432"
    "memorysetup-temp-allocator-size-nav-mesh-worker=65536"
    "memorysetup-temp-allocator-size-audio-worker=65536"
    "memorysetup-temp-allocator-size-cloud-worker=32768"
    "memorysetup-temp-allocator-size-gi-baking-worker=262144"
    "memorysetup-temp-allocator-size-gfx=262144"
Player connection [17520] Host "[IP] 10.0.0.105 [Port] 0 [Flags] 2 [Guid] 1845956090 [EditorId] 1845956090 [Version] 1048832 [Id] WindowsEditor(7,MarcusNunes) [Debug] 1 [PackageName] WindowsEditor [ProjectName] Editor" joined multi-casting on [225.0.0.222:54997]...

Player connection [17520] Host "[IP] 10.0.0.105 [Port] 0 [Flags] 2 [Guid] 1845956090 [EditorId] 1845956090 [Version] 1048832 [Id] WindowsEditor(7,MarcusNunes) [Debug] 1 [PackageName] WindowsEditor [ProjectName] Editor" joined alternative multi-casting on [225.0.0.222:34997]...

[Physics::Module] Initialized MultithreadedJobDispatcher with {0} workers.
Refreshing native plugins compatible for Editor in 78.17 ms, found 3 plugins.
Preloading 0 native plugins for Editor in 0.00 ms.
Initialize engine version: 2021.3.31f1 (3409e2af086f)
[Subsystems] Discovering subsystems at path C:/Program Files/Unity/Hub/Editor/2021.3.31f1/Editor/Data/Resources/UnitySubsystems
[Subsystems] Discovering subsystems at path C:/Users/marcu/Documents/Moonite/workshp-rec'nplay/Assets
GfxDevice: creating device client; threaded=0; jobified=0
Direct3D:
    Version:  Direct3D 11.0 [level 11.1]
    Renderer: NVIDIA GeForce GTX 1650 (ID=0x1f9d)
    Vendor:   NVIDIA
    VRAM:     3950 MB
    Driver:   31.0.15.3713
Initialize mono
Mono path[0] = 'C:/Program Files/Unity/Hub/Editor/2021.3.31f1/Editor/Data/Managed'
Mono path[1] = 'C:/Program Files/Unity/Hub/Editor/2021.3.31f1/Editor/Data/MonoBleedingEdge/lib/mono/unityjit-win32'
Mono config path = 'C:/Program Files/Unity/Hub/Editor/2021.3.31f1/Editor/Data/MonoBleedingEdge/etc'
Using monoOptions --debugger-agent=transport=dt_socket,embedding=1,server=y,suspend=n,address=127.0.0.1:56388
Begin MonoManager ReloadAssembly
Registering precompiled unity dll's ...
Register platform support module: C:/Program Files/Unity/Hub/Editor/2021.3.31f1/Editor/Data/PlaybackEngines/AndroidPlayer/UnityEditor.Android.Extensions.dll
Register platform support module: C:/Program Files/Unity/Hub/Editor/2021.3.31f1/Editor/Data/PlaybackEngines/iOSSupport/UnityEditor.iOS.Extensions.dll
Register platform support module: C:/Program Files/Unity/Hub/Editor/2021.3.31f1/Editor/Data/PlaybackEngines/WindowsStandaloneSupport/UnityEditor.WindowsStandalone.Extensions.dll
Registered in 0.009945 seconds.
Native extension for WindowsStandalone target not found
[usbmuxd] Start listen thread
[usbmuxd] Listen thread started
Native extension for iOS target not found
Native extension for Android target not found
Android Extension - Scanning For ADB Devices 380 ms
Refreshing native plugins compatible for Editor in 90.44 ms, found 3 plugins.
Preloading 0 native plugins for Editor in 0.00 ms.
Mono: successfully reloaded assembly
- Completed reload, in  1.191 seconds
Domain Reload Profiling:
	ReloadAssembly (1191ms)
		BeginReloadAssembly (163ms)
			ExecutionOrderSort (0ms)
			DisableScriptedObjects (0ms)
			BackupInstance (0ms)
			ReleaseScriptingObjects (0ms)
			CreateAndSetChildDomain (1ms)
		EndReloadAssembly (932ms)
			LoadAssemblies (161ms)
			RebuildTransferFunctionScriptingTraits (0ms)
			SetupTypeCache (123ms)
			ReleaseScriptCaches (0ms)
			RebuildScriptCaches (25ms)
			SetupLoadedEditorAssemblies (741ms)
				LogAssemblyErrors (0ms)
				InitializePlatformSupportModulesInManaged (525ms)
				SetLoadedEditorAssemblies (0ms)
				RefreshPlugins (91ms)
				BeforeProcessingInitializeOnLoad (2ms)
				ProcessInitializeOnLoadAttributes (79ms)
				ProcessInitializeOnLoadMethodAttributes (45ms)
				AfterProcessingInitializeOnLoad (0ms)
				EditorAssembliesLoaded (0ms)
			ExecutionOrderSort2 (0ms)
			AwakeInstancesAfterBackupRestoration (0ms)
Platform modules already initialized, skipping
Registering precompiled user dll's ...
Registered in 0.039404 seconds.
Begin MonoManager ReloadAssembly
Native extension for WindowsStandalone target not found
Native extension for iOS target not found
Native extension for Android target not found
Refreshing native plugins compatible for Editor in 0.73 ms, found 3 plugins.
Preloading 0 native plugins for Editor in 0.00 ms.
Package Manager log level set to [2]
[Package Manager] Server::EnsureServerProcessIsRunning -- launch failed, reason: Unity was launched with the -noUpm command-line argument
[Package Manager] Cannot connect to Unity Package Manager local server
Mono: successfully reloaded assembly
- Completed reload, in  1.502 seconds
Domain Reload Profiling:
	ReloadAssembly (1503ms)
		BeginReloadAssembly (167ms)
			ExecutionOrderSort (0ms)
			DisableScriptedObjects (5ms)
			BackupInstance (0ms)
			ReleaseScriptingObjects (0ms)
			CreateAndSetChildDomain (22ms)
		EndReloadAssembly (1221ms)
			LoadAssemblies (185ms)
			RebuildTransferFunctionScriptingTraits (0ms)
			SetupTypeCache (308ms)
			ReleaseScriptCaches (1ms)
			RebuildScriptCaches (51ms)
			SetupLoadedEditorAssemblies (704ms)
				LogAssemblyErrors (0ms)
				InitializePlatformSupportModulesInManaged (29ms)
				SetLoadedEditorAssemblies (0ms)
				RefreshPlugins (1ms)
				BeforeProcessingInitializeOnLoad (68ms)
				ProcessInitializeOnLoadAttributes (574ms)
				ProcessInitializeOnLoadMethodAttributes (25ms)
				AfterProcessingInitializeOnLoad (8ms)
				EditorAssembliesLoaded (0ms)
			ExecutionOrderSort2 (0ms)
			AwakeInstancesAfterBackupRestoration (5ms)
Platform modules already initialized, skipping
========================================================================
Worker process is ready to serve import requests
Launched and connected shader compiler UnityShaderCompiler.exe after 0.06 seconds
Refreshing native plugins compatible for Editor in 0.53 ms, found 3 plugins.
Preloading 0 native plugins for Editor in 0.00 ms.
Unloading 3067 Unused Serialized files (Serialized files now loaded: 0)
Unloading 23 unused Assets / (46.4 KB). Loaded Objects now: 3530.
Memory consumption went from 112.7 MB to 112.6 MB.
Total: 3.163300 ms (FindLiveObjects: 0.435700 ms CreateObjectMapping: 0.125600 ms MarkObjects: 2.509900 ms  DeleteObjects: 0.090500 ms)

AssetImportParameters requested are different than current active one (requested -> active):
  custom:video-decoder-ogg-theora: a1e56fd34408186e4bbccfd4996cb3dc -> 
  custom:container-muxer-webm: aa71ff27fc2769a1b78a27578f13a17b -> 
  custom:container-demuxer-webm: 4f35f7cbe854078d1ac9338744f61a02 -> 
  custom:video-encoder-webm-vp8: eb34c28f22e8b96e1ab97ce403110664 -> 
  custom:CustomObjectIndexerAttribute: bc11b3a6c3213fcdd17b65e7da85e133 -> 
  custom:audio-encoder-webm-vorbis: bf7c407c2cedff20999df2af8eb42d56 -> 
  custom:framework-win-MediaFoundation: 216162199b28c13a410421893ffa2e32 -> 
  custom:SearchIndexIgnoredProperties: e643bd26f0fe6173181afceb89e7c659 -> 
  custom:container-demuxer-ogg: 62fdf1f143b41e24485cea50d1cbac27 -> 
  custom:video-decoder-webm-vp8: 9c59270c3fd7afecdb556c50c9e8de78 -> 
  custom:audio-decoder-ogg-vorbis: bf7c407c2cedff20999df2af8eb42d56 -> 
========================================================================
Received Import Request.
  Time since last request: 76879.746253 seconds.
  path: Assets/Packages/KayKit Character Animations 1.2/Animations/fbx
  artifactKey: Guid(737140bca9d570b4da8939bc2175b74f) Importer(815301076,1909f56bfc062723c751e8b465ee728b)
Number of updated assets reloaded before import = 0
Start importing Assets/Packages/KayKit Character Animations 1.2/Animations/fbx using Guid(737140bca9d570b4da8939bc2175b74f) Importer(815301076,1909f56bfc062723c751e8b465ee728b)  -> (artifact id: '7ad387f588df7fa2bea8ba9ef173575c') in 0.009720 seconds 
Number of asset objects unloaded after import = 0
========================================================================
Received Import Request.
  Time since last request: 0.000021 seconds.
  path: Assets/Packages/KayKit Character Animations 1.2/Animations
  artifactKey: Guid(7609881e4a913d049b6cf62376e66ee4) Importer(815301076,1909f56bfc062723c751e8b465ee728b)
Number of updated assets reloaded before import = 0
Start importing Assets/Packages/KayKit Character Animations 1.2/Animations using Guid(7609881e4a913d049b6cf62376e66ee4) Importer(815301076,1909f56bfc062723c751e8b465ee728b)  -> (artifact id: '8f7f6af32cfd5de7599e85d387e22ddf') in 0.002850 seconds 
Number of asset objects unloaded after import = 0
========================================================================
Received Import Request.
  Time since last request: 1.760866 seconds.
  path: Assets/Packages/KayKit Character Animations 1.2/Animations/fbx/Single Animations/AttackCombo.fbx
  artifactKey: Guid(20a2095d5783b1943af9d94bfed0e0db) Importer(815301076,1909f56bfc062723c751e8b465ee728b)
Number of updated assets reloaded before import = 0
Start importing Assets/Packages/KayKit Character Animations 1.2/Animations/fbx/Single Animations/AttackCombo.fbx using Guid(20a2095d5783b1943af9d94bfed0e0db) Importer(815301076,1909f56bfc062723c751e8b465ee728b)  -> (artifact id: 'afaff558718b21082e69bc9ef9d5508a') in 0.190935 seconds 
Number of asset objects unloaded after import = 24
========================================================================
Received Import Request.
  Time since last request: 0.000030 seconds.
  path: Assets/Packages/KayKit Character Animations 1.2/Animations/fbx/Single Animations/Cheer.fbx
  artifactKey: Guid(7d74fcc9b6ad4d54c980763ed7a5b4ba) Importer(815301076,1909f56bfc062723c751e8b465ee728b)
Number of updated assets reloaded before import = 0
Start importing Assets/Packages/KayKit Character Animations 1.2/Animations/fbx/Single Animations/Cheer.fbx using Guid(7d74fcc9b6ad4d54c980763ed7a5b4ba) Importer(815301076,1909f56bfc062723c751e8b465ee728b)  -> (artifact id: 'c9969d283c82e3b76544c45e2c505861') in 0.048329 seconds 
Number of asset objects unloaded after import = 24
========================================================================
Received Import Request.
  Time since last request: 0.000038 seconds.
  path: Assets/Packages/KayKit Character Animations 1.2/Animations/fbx/Single Animations/DashLeft.fbx
  artifactKey: Guid(0e0c461e6fce76f4eb6c754dabf6aec5) Importer(815301076,1909f56bfc062723c751e8b465ee728b)
Number of updated assets reloaded before import = 0
Start importing Assets/Packages/KayKit Character Animations 1.2/Animations/fbx/Single Animations/DashLeft.fbx using Guid(0e0c461e6fce76f4eb6c754dabf6aec5) Importer(815301076,1909f56bfc062723c751e8b465ee728b)  -> (artifact id: '3afc6d6db9b9ab39058dc90027d7459d') in 0.045883 seconds 
Number of asset objects unloaded after import = 24
========================================================================
Received Import Request.
  Time since last request: 0.000035 seconds.
  path: Assets/Packages/KayKit Character Animations 1.2/Animations/fbx/Single Animations/Throw.fbx
  artifactKey: Guid(9be9ba5ef4a8cab4183dfc9df9babbab) Importer(815301076,1909f56bfc062723c751e8b465ee728b)
Number of updated assets reloaded before import = 0
Start importing Assets/Packages/KayKit Character Animations 1.2/Animations/fbx/Single Animations/Throw.fbx using Guid(9be9ba5ef4a8cab4183dfc9df9babbab) Importer(815301076,1909f56bfc062723c751e8b465ee728b)  -> (artifact id: 'da2040d0b440fee0ba3fb4d826c4388f') in 0.044183 seconds 
Number of asset objects unloaded after import = 24
========================================================================
Received Import Request.
  Time since last request: 0.000029 seconds.
  path: Assets/Packages/KayKit Character Animations 1.2/Animations/fbx/Single Animations/Shoot(2h).fbx
  artifactKey: Guid(6c0f9e8d5b5459c4491e1c5172b12558) Importer(815301076,1909f56bfc062723c751e8b465ee728b)
Number of updated assets reloaded before import = 0
Start importing Assets/Packages/KayKit Character Animations 1.2/Animations/fbx/Single Animations/Shoot(2h).fbx using Guid(6c0f9e8d5b5459c4491e1c5172b12558) Importer(815301076,1909f56bfc062723c751e8b465ee728b)  -> (artifact id: '0e2a04361babef97e466cb59047da647') in 0.030002 seconds 
Number of asset objects unloaded after import = 24
========================================================================
Received Import Request.
  Time since last request: 0.000032 seconds.
  path: Assets/Packages/KayKit Character Animations 1.2/Animations/fbx/Single Animations/Run.fbx
  artifactKey: Guid(f0bb003be1c2c2e4f8c91f652d7fa3d8) Importer(815301076,1909f56bfc062723c751e8b465ee728b)
Number of updated assets reloaded before import = 0
Start importing Assets/Packages/KayKit Character Animations 1.2/Animations/fbx/Single Animations/Run.fbx using Guid(f0bb003be1c2c2e4f8c91f652d7fa3d8) Importer(815301076,1909f56bfc062723c751e8b465ee728b)  -> (artifact id: '114645e7bc70eea4b4c57fd3389355cd') in 0.034317 seconds 
Number of asset objects unloaded after import = 24
========================================================================
Received Import Request.
  Time since last request: 0.000033 seconds.
  path: Assets/Packages/KayKit Character Animations 1.2/Animations/fbx/Single Animations/DashRight.fbx
  artifactKey: Guid(b4eeb241437d5c941a945ae365f9116d) Importer(815301076,1909f56bfc062723c751e8b465ee728b)
Number of updated assets reloaded before import = 0
Start importing Assets/Packages/KayKit Character Animations 1.2/Animations/fbx/Single Animations/DashRight.fbx using Guid(b4eeb241437d5c941a945ae365f9116d) Importer(815301076,1909f56bfc062723c751e8b465ee728b)  -> (artifact id: '6c09bf1af41c1ef66a80dba2a8299c6f') in 0.033922 seconds 
Number of asset objects unloaded after import = 24
========================================================================
Received Import Request.
  Time since last request: 0.000031 seconds.
  path: Assets/Packages/KayKit Character Animations 1.2/Animations/fbx/Single Animations/Shoot(1h).fbx
  artifactKey: Guid(5da4b2c8f5463384c8a095f294986fb2) Importer(815301076,1909f56bfc062723c751e8b465ee728b)
Number of updated assets reloaded before import = 0
Start importing Assets/Packages/KayKit Character Animations 1.2/Animations/fbx/Single Animations/Shoot(1h).fbx using Guid(5da4b2c8f5463384c8a095f294986fb2) Importer(815301076,1909f56bfc062723c751e8b465ee728b)  -> (artifact id: '178b6595d14323272c837ba8e0a849d6') in 0.040376 seconds 
Number of asset objects unloaded after import = 24
========================================================================
Received Import Request.
  Time since last request: 0.000032 seconds.
  path: Assets/Packages/KayKit Character Animations 1.2/Animations/fbx/Single Animations/Roll.fbx
  artifactKey: Guid(2a0a065f9eb0b654a8fb382ea9ac0704) Importer(815301076,1909f56bfc062723c751e8b465ee728b)
Number of updated assets reloaded before import = 0
Start importing Assets/Packages/KayKit Character Animations 1.2/Animations/fbx/Single Animations/Roll.fbx using Guid(2a0a065f9eb0b654a8fb382ea9ac0704) Importer(815301076,1909f56bfc062723c751e8b465ee728b)  -> (artifact id: 'f57beca0668d509465d05152c1832f3c') in 0.032273 seconds 
Number of asset objects unloaded after import = 24
========================================================================
Received Import Request.
  Time since last request: 0.000034 seconds.
  path: Assets/Packages/KayKit Character Animations 1.2/Animations/fbx/Single Animations/Idle.fbx
  artifactKey: Guid(c53575d1e85bdae46a69d0400b043a63) Importer(815301076,1909f56bfc062723c751e8b465ee728b)
Number of updated assets reloaded before import = 0
Start importing Assets/Packages/KayKit Character Animations 1.2/Animations/fbx/Single Animations/Idle.fbx using Guid(c53575d1e85bdae46a69d0400b043a63) Importer(815301076,1909f56bfc062723c751e8b465ee728b)  -> (artifact id: '34eecf2f448e5613bfcd0d8716c68f9e') in 0.029810 seconds 
Number of asset objects unloaded after import = 24
========================================================================
Received Import Request.
  Time since last request: 0.000018 seconds.
  path: Assets/Packages/KayKit Character Animations 1.2/Animations/fbx/Single Animations/Shooting(2h).fbx
  artifactKey: Guid(8d0a4db88bd6de041a65adef24b9b47c) Importer(815301076,1909f56bfc062723c751e8b465ee728b)
Number of updated assets reloaded before import = 0
Start importing Assets/Packages/KayKit Character Animations 1.2/Animations/fbx/Single Animations/Shooting(2h).fbx using Guid(8d0a4db88bd6de041a65adef24b9b47c) Importer(815301076,1909f56bfc062723c751e8b465ee728b)  -> (artifact id: '86692e4ca5ad49056ff694435560e907') in 0.035826 seconds 
Number of asset objects unloaded after import = 24
========================================================================
Received Import Request.
  Time since last request: 0.000018 seconds.
  path: Assets/Packages/KayKit Character Animations 1.2/Animations/fbx/Single Animations/Shoot(2h)Bow.fbx
  artifactKey: Guid(c4bfd3bdca6fd8b4291a3b671bbdde18) Importer(815301076,1909f56bfc062723c751e8b465ee728b)
Number of updated assets reloaded before import = 0
Start importing Assets/Packages/KayKit Character Animations 1.2/Animations/fbx/Single Animations/Shoot(2h)Bow.fbx using Guid(c4bfd3bdca6fd8b4291a3b671bbdde18) Importer(815301076,1909f56bfc062723c751e8b465ee728b)  -> (artifact id: 'e964e607b74f9330bc80d2f7f393575c') in 0.030201 seconds 
Number of asset objects unloaded after import = 24
========================================================================
Received Import Request.
  Time since last request: 0.000031 seconds.
  path: Assets/Packages/KayKit Character Animations 1.2/Animations/fbx/Single Animations/Wave.fbx
  artifactKey: Guid(3a1276e4177cb2f439f2441183f79ba4) Importer(815301076,1909f56bfc062723c751e8b465ee728b)
Number of updated assets reloaded before import = 0
Start importing Assets/Packages/KayKit Character Animations 1.2/Animations/fbx/Single Animations/Wave.fbx using Guid(3a1276e4177cb2f439f2441183f79ba4) Importer(815301076,1909f56bfc062723c751e8b465ee728b)  -> (artifact id: 'ed87ac2550b591f05b99a52bd42831ce') in 0.039330 seconds 
Number of asset objects unloaded after import = 24
========================================================================
Received Import Request.
  Time since last request: 0.000044 seconds.
  path: Assets/Packages/KayKit Character Animations 1.2/Animations/fbx/Single Animations/HeavyAttack.fbx
  artifactKey: Guid(f8c69d3d091260a47871d9b8ca95165a) Importer(815301076,1909f56bfc062723c751e8b465ee728b)
Number of updated assets reloaded before import = 0
Start importing Assets/Packages/KayKit Character Animations 1.2/Animations/fbx/Single Animations/HeavyAttack.fbx using Guid(f8c69d3d091260a47871d9b8ca95165a) Importer(815301076,1909f56bfc062723c751e8b465ee728b)  -> (artifact id: 'ec4a9a7603f88d9ffa20ea7c078ff80c') in 0.048705 seconds 
Number of asset objects unloaded after import = 24
========================================================================
Received Import Request.
  Time since last request: 39.489879 seconds.
  path: Assets/Packages/KayKit Character Animations 1.2/KayKit Brand Resouces/KayKit_logo_red.png
  artifactKey: Guid(37495f407e55fc448a879c5f4dfae437) Importer(815301076,1909f56bfc062723c751e8b465ee728b)
Number of updated assets reloaded before import = 0
Start importing Assets/Packages/KayKit Character Animations 1.2/KayKit Brand Resouces/KayKit_logo_red.png using Guid(37495f407e55fc448a879c5f4dfae437) Importer(815301076,1909f56bfc062723c751e8b465ee728b)  -> (artifact id: '96d77eef92d5c59b3ec190cc210e11f9') in 0.042384 seconds 
Number of asset objects unloaded after import = 2
========================================================================
Received Import Request.
  Time since last request: 0.000024 seconds.
  path: Assets/Packages/KayKit Character Animations 1.2/KayKit Brand Resouces/KayKit_logoVariation_red.png
  artifactKey: Guid(4f514d9d3c461bd4b9ff441cb5438125) Importer(815301076,1909f56bfc062723c751e8b465ee728b)
Number of updated assets reloaded before import = 0
Start importing Assets/Packages/KayKit Character Animations 1.2/KayKit Brand Resouces/KayKit_logoVariation_red.png using Guid(4f514d9d3c461bd4b9ff441cb5438125) Importer(815301076,1909f56bfc062723c751e8b465ee728b)  -> (artifact id: '90794d1acbea1c98522186979b1851c9') in 0.032025 seconds 
Number of asset objects unloaded after import = 2
========================================================================
Received Import Request.
  Time since last request: 0.000042 seconds.
  path: Assets/Packages/KayKit Character Animations 1.2/KayKit Brand Resouces/KayKit_logo_white.png
  artifactKey: Guid(f07521eba436eeb47822cc44e6442ace) Importer(815301076,1909f56bfc062723c751e8b465ee728b)
Number of updated assets reloaded before import = 0
Start importing Assets/Packages/KayKit Character Animations 1.2/KayKit Brand Resouces/KayKit_logo_white.png using Guid(f07521eba436eeb47822cc44e6442ace) Importer(815301076,1909f56bfc062723c751e8b465ee728b)  -> (artifact id: 'c41b8a5e4c59a597c339ae5b696d3d35') in 0.022450 seconds 
Number of asset objects unloaded after import = 2
